<?xml version="1.0" encoding="UTF-8"?>
<!-- Generated by org.testng.reporters.JUnitReportReporter -->
<testsuite skipped="0" hostname="LAPTOP-BDUQHCS1" name="com.sgtesting.assignment6.Scenario5" tests="10" failures="0" timestamp="2021-06-03T12:35:53 IST" time="47.385" errors="0">
  <testcase name="launchBrowser" time="1.357" classname="com.sgtesting.assignment6.Scenario5"/>
  <system-out/>
  <testcase name="navigate" time="2.757" classname="com.sgtesting.assignment6.Scenario5"/>
  <system-out/>
  <testcase name="login" time="4.343" classname="com.sgtesting.assignment6.Scenario5"/>
  <system-out/>
  <testcase name="minimizeFlyOutWindow" time="1.117" classname="com.sgtesting.assignment6.Scenario5"/>
  <system-out/>
  <testcase name="createCustomer" time="7.727" classname="com.sgtesting.assignment6.Scenario5"/>
  <system-out/>
  <testcase name="createProject" time="8.490" classname="com.sgtesting.assignment6.Scenario5"/>
  <system-out/>
  <testcase name="deleteProject" time="10.760" classname="com.sgtesting.assignment6.Scenario5"/>
  <system-out/>
  <testcase name="deleteCustomer" time="8.484" classname="com.sgtesting.assignment6.Scenario5"/>
  <system-out/>
  <testcase name="logout" time="2.266" classname="com.sgtesting.assignment6.Scenario5"/>
  <system-out/>
  <testcase name="closeApplication" time="0.084" classname="com.sgtesting.assignment6.Scenario5"/>
  <system-out/>
</testsuite> <!-- com.sgtesting.assignment6.Scenario5 -->
