<?xml version="1.0" encoding="UTF-8"?>
<!-- Generated by org.testng.reporters.JUnitReportReporter -->
<testsuite skipped="0" hostname="LAPTOP-BDUQHCS1" name="com.sgtesting.assignment6.Scenario6" tests="11" failures="0" timestamp="2021-06-03T12:35:53 IST" time="54.218" errors="0">
  <testcase name="launchBrowser" time="1.263" classname="com.sgtesting.assignment6.Scenario6"/>
  <system-out/>
  <testcase name="navigate" time="2.726" classname="com.sgtesting.assignment6.Scenario6"/>
  <system-out/>
  <testcase name="login" time="4.276" classname="com.sgtesting.assignment6.Scenario6"/>
  <system-out/>
  <testcase name="minimizeFlyOutWindow" time="1.091" classname="com.sgtesting.assignment6.Scenario6"/>
  <system-out/>
  <testcase name="createCustomer" time="7.831" classname="com.sgtesting.assignment6.Scenario6"/>
  <system-out/>
  <testcase name="createProject" time="8.579" classname="com.sgtesting.assignment6.Scenario6"/>
  <system-out/>
  <testcase name="modifyProject" time="6.712" classname="com.sgtesting.assignment6.Scenario6"/>
  <system-out/>
  <testcase name="deleteProject" time="10.743" classname="com.sgtesting.assignment6.Scenario6"/>
  <system-out/>
  <testcase name="deleteCustomer" time="8.607" classname="com.sgtesting.assignment6.Scenario6"/>
  <system-out/>
  <testcase name="logout" time="2.306" classname="com.sgtesting.assignment6.Scenario6"/>
  <system-out/>
  <testcase name="closeApplication" time="0.084" classname="com.sgtesting.assignment6.Scenario6"/>
  <system-out/>
</testsuite> <!-- com.sgtesting.assignment6.Scenario6 -->
