<?xml version="1.0" encoding="UTF-8"?>
<!-- Generated by org.testng.reporters.JUnitReportReporter -->
<testsuite skipped="0" hostname="LAPTOP-BDUQHCS1" name="com.sgtesting.assignment6.Scenario3" tests="8" failures="0" timestamp="2021-06-03T12:35:53 IST" time="28.286" errors="0">
  <testcase name="launchBrowser" time="1.354" classname="com.sgtesting.assignment6.Scenario3"/>
  <system-out/>
  <testcase name="navigate" time="2.731" classname="com.sgtesting.assignment6.Scenario3"/>
  <system-out/>
  <testcase name="login" time="4.334" classname="com.sgtesting.assignment6.Scenario3"/>
  <system-out/>
  <testcase name="minimizeFlyOutWindow" time="1.070" classname="com.sgtesting.assignment6.Scenario3"/>
  <system-out/>
  <testcase name="createCustomer" time="7.802" classname="com.sgtesting.assignment6.Scenario3"/>
  <system-out/>
  <testcase name="deleteCustomer" time="8.619" classname="com.sgtesting.assignment6.Scenario3"/>
  <system-out/>
  <testcase name="logout" time="2.291" classname="com.sgtesting.assignment6.Scenario3"/>
  <system-out/>
  <testcase name="closeApplication" time="0.085" classname="com.sgtesting.assignment6.Scenario3"/>
  <system-out/>
</testsuite> <!-- com.sgtesting.assignment6.Scenario3 -->
