<?xml version="1.0" encoding="UTF-8"?>
<!-- Generated by org.testng.reporters.JUnitReportReporter -->
<testsuite skipped="0" hostname="LAPTOP-BDUQHCS1" name="com.sgtesting.assignment7.Scenario2" tests="9" failures="0" timestamp="2021-06-03T12:11:09 IST" time="77.481" errors="0">
  <testcase name="launchBrowser" time="1.278" classname="com.sgtesting.assignment7.Scenario2"/>
  <system-out/>
  <testcase name="navigate" time="2.743" classname="com.sgtesting.assignment7.Scenario2"/>
  <system-out/>
  <testcase name="login" time="12.222" classname="com.sgtesting.assignment7.Scenario2"/>
  <system-out/>
  <testcase name="minimizeFlyOutWindow" time="12.229" classname="com.sgtesting.assignment7.Scenario2"/>
  <system-out/>
  <testcase name="createUser" time="12.222" classname="com.sgtesting.assignment7.Scenario2"/>
  <system-out/>
  <testcase name="modifyUser" time="12.208" classname="com.sgtesting.assignment7.Scenario2"/>
  <system-out/>
  <testcase name="deleteUser" time="12.158" classname="com.sgtesting.assignment7.Scenario2"/>
  <system-out/>
  <testcase name="logout" time="12.172" classname="com.sgtesting.assignment7.Scenario2"/>
  <system-out/>
  <testcase name="closeApplication" time="0.249" classname="com.sgtesting.assignment7.Scenario2"/>
  <system-out/>
</testsuite> <!-- com.sgtesting.assignment7.Scenario2 -->
