<?xml version="1.0" encoding="UTF-8"?>
<!-- Generated by org.testng.reporters.JUnitReportReporter -->
<testsuite skipped="0" hostname="LAPTOP-BDUQHCS1" name="com.sgtesting.assignment7.Scenario1" tests="7" failures="0" timestamp="2021-06-03T12:11:09 IST" time="18.596" errors="0">
  <testcase name="launchBrowser" time="2.030" classname="com.sgtesting.assignment7.Scenario1"/>
  <system-out/>
  <testcase name="navigate" time="2.729" classname="com.sgtesting.assignment7.Scenario1"/>
  <system-out/>
  <testcase name="login" time="4.351" classname="com.sgtesting.assignment7.Scenario1"/>
  <system-out/>
  <testcase name="createUser" time="5.915" classname="com.sgtesting.assignment7.Scenario1"/>
  <system-out/>
  <testcase name="deleteUser" time="2.258" classname="com.sgtesting.assignment7.Scenario1"/>
  <system-out/>
  <testcase name="logout" time="1.115" classname="com.sgtesting.assignment7.Scenario1"/>
  <system-out/>
  <testcase name="closeApplication" time="0.198" classname="com.sgtesting.assignment7.Scenario1"/>
  <system-out/>
</testsuite> <!-- com.sgtesting.assignment7.Scenario1 -->
