<?xml version="1.0" encoding="UTF-8"?>
<!-- Generated by org.testng.reporters.JUnitReportReporter -->
<testsuite skipped="0" hostname="LAPTOP-BDUQHCS1" name="com.sgtesting.assignment6.Scenario4" tests="9" failures="0" timestamp="2021-06-03T12:35:53 IST" time="34.652" errors="0">
  <testcase name="launchBrowser" time="1.270" classname="com.sgtesting.assignment6.Scenario4"/>
  <system-out/>
  <testcase name="navigate" time="2.716" classname="com.sgtesting.assignment6.Scenario4"/>
  <system-out/>
  <testcase name="login" time="4.386" classname="com.sgtesting.assignment6.Scenario4"/>
  <system-out/>
  <testcase name="minimizeFlyOutWindow" time="1.057" classname="com.sgtesting.assignment6.Scenario4"/>
  <system-out/>
  <testcase name="createCustomer" time="7.777" classname="com.sgtesting.assignment6.Scenario4"/>
  <system-out/>
  <testcase name="modifyCustomer" time="6.250" classname="com.sgtesting.assignment6.Scenario4"/>
  <system-out/>
  <testcase name="deleteCustomer" time="8.871" classname="com.sgtesting.assignment6.Scenario4"/>
  <system-out/>
  <testcase name="logout" time="2.246" classname="com.sgtesting.assignment6.Scenario4"/>
  <system-out/>
  <testcase name="closeApplication" time="0.079" classname="com.sgtesting.assignment6.Scenario4"/>
  <system-out/>
</testsuite> <!-- com.sgtesting.assignment6.Scenario4 -->
