<?xml version="1.0" encoding="UTF-8"?>
<!-- Generated by org.testng.reporters.JUnitReportReporter -->
<testsuite skipped="0" hostname="LAPTOP-BDUQHCS1" name="com.sgtesting.assignment6.Scenario2" tests="9" failures="0" timestamp="2021-06-03T12:35:53 IST" time="30.938" errors="0">
  <testcase name="launchBrowser" time="1.252" classname="com.sgtesting.assignment6.Scenario2"/>
  <system-out/>
  <testcase name="navigate" time="2.706" classname="com.sgtesting.assignment6.Scenario2"/>
  <system-out/>
  <testcase name="login" time="4.327" classname="com.sgtesting.assignment6.Scenario2"/>
  <system-out/>
  <testcase name="minimizeFlyOutWindow" time="1.071" classname="com.sgtesting.assignment6.Scenario2"/>
  <system-out/>
  <testcase name="createUser" time="7.759" classname="com.sgtesting.assignment6.Scenario2"/>
  <system-out/>
  <testcase name="modifyUser" time="6.941" classname="com.sgtesting.assignment6.Scenario2"/>
  <system-out/>
  <testcase name="deleteUser" time="4.305" classname="com.sgtesting.assignment6.Scenario2"/>
  <system-out/>
  <testcase name="logout" time="2.500" classname="com.sgtesting.assignment6.Scenario2"/>
  <system-out/>
  <testcase name="closeApplication" time="0.077" classname="com.sgtesting.assignment6.Scenario2"/>
  <system-out/>
</testsuite> <!-- com.sgtesting.assignment6.Scenario2 -->
