<?xml version="1.0" encoding="UTF-8"?>
<!-- Generated by org.testng.reporters.JUnitReportReporter -->
<testsuite skipped="0" hostname="LAPTOP-BDUQHCS1" name="com.sgtesting.assignment5.AdvancedScenario1" tests="10" failures="0" timestamp="2021-06-02T10:42:28 IST" time="102.960" errors="0">
  <testcase name="launchBrowser" time="1.953" classname="com.sgtesting.assignment5.AdvancedScenario1"/>
  <system-out/>
  <testcase name="navigate" time="2.691" classname="com.sgtesting.assignment5.AdvancedScenario1"/>
  <system-out/>
  <testcase name="createUser1" time="17.927" classname="com.sgtesting.assignment5.AdvancedScenario1"/>
  <system-out/>
  <testcase name="createUser2" time="6.848" classname="com.sgtesting.assignment5.AdvancedScenario1"/>
  <system-out/>
  <testcase name="createUser3" time="9.149" classname="com.sgtesting.assignment5.AdvancedScenario1"/>
  <system-out/>
  <testcase name="loginLogout" time="32.233" classname="com.sgtesting.assignment5.AdvancedScenario1"/>
  <system-out/>
  <testcase name="deleteUser1" time="13.001" classname="com.sgtesting.assignment5.AdvancedScenario1"/>
  <system-out/>
  <testcase name="deleteUser2" time="7.207" classname="com.sgtesting.assignment5.AdvancedScenario1"/>
  <system-out/>
  <testcase name="deleteUser3" time="11.569" classname="com.sgtesting.assignment5.AdvancedScenario1"/>
  <system-out/>
  <testcase name="closeApplication" time="0.382" classname="com.sgtesting.assignment5.AdvancedScenario1"/>
  <system-out/>
</testsuite> <!-- com.sgtesting.assignment5.AdvancedScenario1 -->
