<?xml version="1.0" encoding="UTF-8"?>
<!-- Generated by org.testng.reporters.JUnitReportReporter -->
<testsuite skipped="0" hostname="LAPTOP-BDUQHCS1" name="com.sgtesting.assignment6.Scenario7" tests="12" failures="0" timestamp="2021-06-03T12:35:53 IST" time="68.465" errors="0">
  <testcase name="launchBrowser" time="1.267" classname="com.sgtesting.assignment6.Scenario7"/>
  <system-out/>
  <testcase name="navigate" time="2.770" classname="com.sgtesting.assignment6.Scenario7"/>
  <system-out/>
  <testcase name="login" time="4.384" classname="com.sgtesting.assignment6.Scenario7"/>
  <system-out/>
  <testcase name="minimizeFlyOutWindow" time="1.027" classname="com.sgtesting.assignment6.Scenario7"/>
  <system-out/>
  <testcase name="createCustomer" time="7.811" classname="com.sgtesting.assignment6.Scenario7"/>
  <system-out/>
  <testcase name="createProject" time="8.479" classname="com.sgtesting.assignment6.Scenario7"/>
  <system-out/>
  <testcase name="createTask" time="13.276" classname="com.sgtesting.assignment6.Scenario7"/>
  <system-out/>
  <testcase name="deleteTasks" time="7.645" classname="com.sgtesting.assignment6.Scenario7"/>
  <system-out/>
  <testcase name="deleteProject" time="10.910" classname="com.sgtesting.assignment6.Scenario7"/>
  <system-out/>
  <testcase name="deleteCustomer" time="8.514" classname="com.sgtesting.assignment6.Scenario7"/>
  <system-out/>
  <testcase name="logout" time="2.294" classname="com.sgtesting.assignment6.Scenario7"/>
  <system-out/>
  <testcase name="closeApplication" time="0.088" classname="com.sgtesting.assignment6.Scenario7"/>
  <system-out/>
</testsuite> <!-- com.sgtesting.assignment6.Scenario7 -->
