<?xml version="1.0" encoding="UTF-8"?>
<!-- Generated by org.testng.reporters.JUnitReportReporter -->
<testsuite skipped="0" hostname="LAPTOP-BDUQHCS1" name="com.sgtesting.assignment5.AdvancedScenario2" tests="12" failures="0" timestamp="2021-06-02T11:03:10 IST" time="173.794" errors="0">
  <testcase name="launchBrowser" time="1.976" classname="com.sgtesting.assignment5.AdvancedScenario2"/>
  <system-out/>
  <testcase name="navigate" time="2.726" classname="com.sgtesting.assignment5.AdvancedScenario2"/>
  <system-out/>
  <testcase name="createUser1" time="20.573" classname="com.sgtesting.assignment5.AdvancedScenario2"/>
  <system-out/>
  <testcase name="createUser2" time="20.265" classname="com.sgtesting.assignment5.AdvancedScenario2"/>
  <system-out/>
  <testcase name="createUser3" time="20.358" classname="com.sgtesting.assignment5.AdvancedScenario2"/>
  <system-out/>
  <testcase name="modifyUser1" time="15.780" classname="com.sgtesting.assignment5.AdvancedScenario2"/>
  <system-out/>
  <testcase name="modifyUser2" time="17.981" classname="com.sgtesting.assignment5.AdvancedScenario2"/>
  <system-out/>
  <testcase name="modifyUser3" time="17.876" classname="com.sgtesting.assignment5.AdvancedScenario2"/>
  <system-out/>
  <testcase name="deleteUser3" time="20.303" classname="com.sgtesting.assignment5.AdvancedScenario2"/>
  <system-out/>
  <testcase name="deleteUser2" time="20.580" classname="com.sgtesting.assignment5.AdvancedScenario2"/>
  <system-out/>
  <testcase name="deleteUser1" time="15.288" classname="com.sgtesting.assignment5.AdvancedScenario2"/>
  <system-out/>
  <testcase name="closeApplication" time="0.088" classname="com.sgtesting.assignment5.AdvancedScenario2"/>
  <system-out/>
</testsuite> <!-- com.sgtesting.assignment5.AdvancedScenario2 -->
