<?xml version="1.0" encoding="UTF-8"?>
<!-- Generated by org.testng.reporters.JUnitReportReporter -->
<testsuite skipped="0" hostname="LAPTOP-BDUQHCS1" name="com.sgtesting.assignment6.Scenario1" tests="8" failures="0" timestamp="2021-06-03T12:35:53 IST" time="26.684" errors="0">
  <testcase name="launchBrowser" time="1.980" classname="com.sgtesting.assignment6.Scenario1"/>
  <system-out/>
  <testcase name="navigate" time="2.717" classname="com.sgtesting.assignment6.Scenario1"/>
  <system-out/>
  <testcase name="login" time="4.237" classname="com.sgtesting.assignment6.Scenario1"/>
  <system-out/>
  <testcase name="minimizeFlyOutWindow" time="1.054" classname="com.sgtesting.assignment6.Scenario1"/>
  <system-out/>
  <testcase name="createUser" time="9.865" classname="com.sgtesting.assignment6.Scenario1"/>
  <system-out/>
  <testcase name="deleteUser" time="4.271" classname="com.sgtesting.assignment6.Scenario1"/>
  <system-out/>
  <testcase name="logout" time="2.470" classname="com.sgtesting.assignment6.Scenario1"/>
  <system-out/>
  <testcase name="closeApplication" time="0.090" classname="com.sgtesting.assignment6.Scenario1"/>
  <system-out/>
</testsuite> <!-- com.sgtesting.assignment6.Scenario1 -->
